
synpwrap -msg -prj "common_impl1_synplify.tcl" -log "common_impl1.srf"
Copyright (C) 1992-2020 Lattice Semiconductor Corporation. All rights reserved.
Lattice Diamond Version 3.12.0.240.2
    <postMsg mid="2011000" type="Info"    dynamic="0" navigation="0"  />

==contents of common_impl1.srf
#Build: Synplify Pro (R) Q-2020.03L-SP1, Build 182R, Oct 29 2020
#install: C:\lscc\diamond\3.12\synpbase
#OS: Windows 8 6.2
#Hostname: DESKTOP-060JDBH

# Thu Jul 21 10:09:37 2022

#Implementation: impl1


Copyright (C) 1994-2020 Synopsys, Inc.
This Synopsys software and all associated documentation are proprietary to Synopsys, Inc.
and may only be used pursuant to the terms and conditions of a written license agreement
with Synopsys, Inc. All other use, reproduction, modification, or distribution of the
Synopsys software or the associated documentation is strictly prohibited.
Tool: Synplify Pro (R)
Build: Q-2020.03L-SP1
Install: C:\lscc\diamond\3.12\synpbase
OS: Windows 6.2

Hostname: DESKTOP-060JDBH

Implementation : impl1
Synopsys HDL Compiler, Version comp202003synp2, Build 182R, Built Oct 29 2020 10:49:53, @

@N|Running in 64-bit mode
###########################################################[

Copyright (C) 1994-2020 Synopsys, Inc.
This Synopsys software and all associated documentation are proprietary to Synopsys, Inc.
and may only be used pursuant to the terms and conditions of a written license agreement
with Synopsys, Inc. All other use, reproduction, modification, or distribution of the
Synopsys software or the associated documentation is strictly prohibited.
Tool: Synplify Pro (R)
Build: Q-2020.03L-SP1
Install: C:\lscc\diamond\3.12\synpbase
OS: Windows 6.2

Hostname: DESKTOP-060JDBH

Implementation : impl1
Synopsys Verilog Compiler, Version comp202003synp2, Build 182R, Built Oct 29 2020 10:49:53, @

@N|Running in 64-bit mode
@I::"C:\lscc\diamond\3.12\synpbase\lib\lucent\machxo2.v" (library work)
@I::"C:\lscc\diamond\3.12\synpbase\lib\lucent\pmi_def.v" (library work)
@I::"C:\lscc\diamond\3.12\synpbase\lib\vlog\hypermods.v" (library __hyper__lib__)
@I::"C:\lscc\diamond\3.12\synpbase\lib\vlog\umr_capim.v" (library snps_haps)
@I::"C:\lscc\diamond\3.12\synpbase\lib\vlog\scemi_objects.v" (library snps_haps)
@I::"C:\lscc\diamond\3.12\synpbase\lib\vlog\scemi_pipes.svh" (library snps_haps)
@I::"C:\Users\hsi74\GitHub\CURRENT_WAV_CTRL_FPGA\Project\db\top\ci_stim_fpga.v" (library work)
Verilog syntax check successful!
File C:\Users\hsi74\GitHub\CURRENT_WAV_CTRL_FPGA\Project\db\top\ci_stim_fpga.v changed - recompiling
Selecting top level module ci_stim_fpga_wrapper
@N: CG364 :"C:\lscc\diamond\3.12\synpbase\lib\lucent\machxo2.v":494:7:494:9|Synthesizing module GSR in library work.
Running optimization stage 1 on GSR .......
@N: CG364 :"C:\lscc\diamond\3.12\synpbase\lib\lucent\machxo2.v":1793:7:1793:10|Synthesizing module OSCH in library work.
Running optimization stage 1 on OSCH .......
@N: CG364 :"C:\Users\hsi74\GitHub\CURRENT_WAV_CTRL_FPGA\Project\db\top\ci_stim_fpga.v":14:7:14:26|Synthesizing module ci_stim_fpga_wrapper in library work.
Running optimization stage 1 on ci_stim_fpga_wrapper .......
@W: CL259 :"C:\Users\hsi74\GitHub\CURRENT_WAV_CTRL_FPGA\Project\db\top\ci_stim_fpga.v":57:22:57:22|Duplicate LOC attributes found on net
@W: CL259 :"C:\Users\hsi74\GitHub\CURRENT_WAV_CTRL_FPGA\Project\db\top\ci_stim_fpga.v":57:22:57:22|Duplicate LOC attributes found on net
@W: CL259 :"C:\Users\hsi74\GitHub\CURRENT_WAV_CTRL_FPGA\Project\db\top\ci_stim_fpga.v":57:22:57:22|Duplicate LOC attributes found on net
@W: CL259 :"C:\Users\hsi74\GitHub\CURRENT_WAV_CTRL_FPGA\Project\db\top\ci_stim_fpga.v":57:22:57:22|Duplicate LOC attributes found on net
Running optimization stage 2 on ci_stim_fpga_wrapper .......
Running optimization stage 2 on OSCH .......
Running optimization stage 2 on GSR .......

For a summary of runtime and memory usage per design unit, please see file:
==========================================================
@L: C:\Users\hsi74\GitHub\CURRENT_WAV_CTRL_FPGA\Project\db\work\impl1\synwork\layer0.rt.csv


At c_ver Exit (Real Time elapsed 0h:00m:00s; CPU Time elapsed 0h:00m:00s; Memory used current: 92MB peak: 94MB)

Process took 0h:00m:01s realtime, 0h:00m:01s cputime

Process completed successfully.
# Thu Jul 21 10:09:38 2022

###########################################################]
###########################################################[

Copyright (C) 1994-2020 Synopsys, Inc.
This Synopsys software and all associated documentation are proprietary to Synopsys, Inc.
and may only be used pursuant to the terms and conditions of a written license agreement
with Synopsys, Inc. All other use, reproduction, modification, or distribution of the
Synopsys software or the associated documentation is strictly prohibited.
Tool: Synplify Pro (R)
Build: Q-2020.03L-SP1
Install: C:\lscc\diamond\3.12\synpbase
OS: Windows 6.2

Hostname: DESKTOP-060JDBH

Implementation : impl1
Synopsys Synopsys Netlist Linker, Version comp202003synp2, Build 182R, Built Oct 29 2020 10:49:53, @

@N|Running in 64-bit mode
File C:\Users\hsi74\GitHub\CURRENT_WAV_CTRL_FPGA\Project\db\work\impl1\synwork\layer0.srs changed - recompiling

At syn_nfilter Exit (Real Time elapsed 0h:00m:00s; CPU Time elapsed 0h:00m:00s; Memory used current: 91MB peak: 92MB)

Process took 0h:00m:01s realtime, 0h:00m:01s cputime

Process completed successfully.
# Thu Jul 21 10:09:38 2022

###########################################################]

For a summary of runtime and memory usage for all design units, please see file:
==========================================================
@L: C:\Users\hsi74\GitHub\CURRENT_WAV_CTRL_FPGA\Project\db\work\impl1\synwork\common_impl1_comp.rt.csv

@END

At c_hdl Exit (Real Time elapsed 0h:00m:00s; CPU Time elapsed 0h:00m:00s; Memory used current: 24MB peak: 24MB)

Process took 0h:00m:01s realtime, 0h:00m:01s cputime

Process completed successfully.
# Thu Jul 21 10:09:38 2022

###########################################################]
###########################################################[

Copyright (C) 1994-2020 Synopsys, Inc.
This Synopsys software and all associated documentation are proprietary to Synopsys, Inc.
and may only be used pursuant to the terms and conditions of a written license agreement
with Synopsys, Inc. All other use, reproduction, modification, or distribution of the
Synopsys software or the associated documentation is strictly prohibited.
Tool: Synplify Pro (R)
Build: Q-2020.03L-SP1
Install: C:\lscc\diamond\3.12\synpbase
OS: Windows 6.2

Hostname: DESKTOP-060JDBH

Implementation : impl1
Synopsys Synopsys Netlist Linker, Version comp202003synp2, Build 182R, Built Oct 29 2020 10:49:53, @

@N|Running in 64-bit mode
File C:\Users\hsi74\GitHub\CURRENT_WAV_CTRL_FPGA\Project\db\work\impl1\synwork\common_impl1_comp.srs changed - recompiling

At syn_nfilter Exit (Real Time elapsed 0h:00m:00s; CPU Time elapsed 0h:00m:00s; Memory used current: 91MB peak: 92MB)

Process took 0h:00m:01s realtime, 0h:00m:01s cputime

Process completed successfully.
# Thu Jul 21 10:09:39 2022

###########################################################]
# Thu Jul 21 10:09:39 2022


Copyright (C) 1994-2020 Synopsys, Inc.
This Synopsys software and all associated documentation are proprietary to Synopsys, Inc.
and may only be used pursuant to the terms and conditions of a written license agreement
with Synopsys, Inc. All other use, reproduction, modification, or distribution of the
Synopsys software or the associated documentation is strictly prohibited.
Tool: Synplify Pro (R)
Build: Q-2020.03L-SP1
Install: C:\lscc\diamond\3.12\synpbase
OS: Windows 6.2

Hostname: DESKTOP-060JDBH

Implementation : impl1
Synopsys Lattice Technology Pre-mapping, Version map202003lat, Build 172R, Built Nov  2 2020 09:31:45, @


Mapper Startup Complete (Real Time elapsed 0h:00m:00s; CPU Time elapsed 0h:00m:00s; Memory used current: 118MB peak: 118MB)

Reading constraint file: C:\Users\hsi74\GitHub\CURRENT_WAV_CTRL_FPGA\Project\db\sdc\common.sdc
@L: C:\Users\hsi74\GitHub\CURRENT_WAV_CTRL_FPGA\Project\db\work\impl1\common_impl1_scck.rpt 
See clock summary report "C:\Users\hsi74\GitHub\CURRENT_WAV_CTRL_FPGA\Project\db\work\impl1\common_impl1_scck.rpt"
@N: MF916 |Option synthesis_strategy=base is enabled. 
@N: MF248 |Running in 64-bit mode.
@N: MF666 |Clock conversion enabled. (Command "set_option -fix_gated_and_generated_clocks 1" in the project file.)

Design Input Complete (Real Time elapsed 0h:00m:00s; CPU Time elapsed 0h:00m:00s; Memory used current: 126MB peak: 130MB)


Mapper Initialization Complete (Real Time elapsed 0h:00m:00s; CPU Time elapsed 0h:00m:00s; Memory used current: 126MB peak: 130MB)


Start loading timing files (Real Time elapsed 0h:00m:00s; CPU Time elapsed 0h:00m:00s; Memory used current: 140MB peak: 140MB)


Finished loading timing files (Real Time elapsed 0h:00m:00s; CPU Time elapsed 0h:00m:00s; Memory used current: 140MB peak: 142MB)


Starting clock optimization phase (Real Time elapsed 0h:00m:00s; CPU Time elapsed 0h:00m:00s; Memory used current: 171MB peak: 171MB)


Finished clock optimization phase (Real Time elapsed 0h:00m:00s; CPU Time elapsed 0h:00m:00s; Memory used current: 171MB peak: 172MB)


Starting clock optimization report phase (Real Time elapsed 0h:00m:00s; CPU Time elapsed 0h:00m:00s; Memory used current: 171MB peak: 172MB)


Finished clock optimization report phase (Real Time elapsed 0h:00m:00s; CPU Time elapsed 0h:00m:00s; Memory used current: 171MB peak: 172MB)

@N: FX1184 |Applying syn_allowed_resources blockrams=8 on top level netlist ci_stim_fpga_wrapper 

Finished netlist restructuring (Real Time elapsed 0h:00m:00s; CPU Time elapsed 0h:00m:00s; Memory used current: 171MB peak: 172MB)

@W: MT548 :"c:/users/hsi74/github/current_wav_ctrl_fpga/project/db/sdc/common.sdc":3:0:3:0|Source for clock ck_sw1_a not found in netlist.
@W: MT548 :"c:/users/hsi74/github/current_wav_ctrl_fpga/project/db/sdc/common.sdc":4:0:4:0|Source for clock ck_sw2_a not found in netlist.
@W: MT548 :"c:/users/hsi74/github/current_wav_ctrl_fpga/project/db/sdc/common.sdc":6:0:6:0|Source for clock ck_cg_fsm not found in netlist.
@W: MT548 :"c:/users/hsi74/github/current_wav_ctrl_fpga/project/db/sdc/common.sdc":12:0:12:0|Source for clock ck_div4 not found in netlist.
@W: MT548 :"c:/users/hsi74/github/current_wav_ctrl_fpga/project/db/sdc/common.sdc":18:0:18:0|Source for clock ck_div64 not found in netlist.
@W: MT548 :"c:/users/hsi74/github/current_wav_ctrl_fpga/project/db/sdc/common.sdc":24:0:24:0|Source for clock ck_div64x64 not found in netlist.
@W: MT548 :"c:/users/hsi74/github/current_wav_ctrl_fpga/project/db/sdc/common.sdc":30:0:30:0|Source for clock ck_db not found in netlist.
@W: MT548 :"c:/users/hsi74/github/current_wav_ctrl_fpga/project/db/sdc/common.sdc":36:0:36:0|Source for clock ck_div64x4 not found in netlist.
@W: MT548 :"c:/users/hsi74/github/current_wav_ctrl_fpga/project/db/sdc/common.sdc":42:0:42:0|Source for clock ck_slow not found in netlist.


Clock Summary
******************

          Start       Requested     Requested     Clock        Clock                Clock
Level     Clock       Frequency     Period        Type         Group                Load 
-----------------------------------------------------------------------------------------
0 -       rootClk     4.0 MHz       250.000       declared     default_clkgroup     4    
=========================================================================================



Clock Load Summary
***********************

            Clock     Source                     Clock Pin       Non-clock Pin     Non-clock Pin
Clock       Load      Pin                        Seq Example     Seq Example       Comb Example 
------------------------------------------------------------------------------------------------
rootClk     4         internal_osc.OSC(OSCH)     cnt[3:0].C      -                 -            
================================================================================================

ICG Latch Removal Summary:
Number of ICG latches removed: 0
Number of ICG latches not removed:	0


@S |Clock Optimization Summary



#### START OF PREMAP CLOCK OPTIMIZATION REPORT #####[

1 non-gated/non-generated clock tree(s) driving 4 clock pin(s) of sequential element(s)
0 gated/generated clock tree(s) driving 0 clock pin(s) of sequential element(s)
0 instances converted, 0 sequential instances remain driven by gated/generated clocks

============================ Non-Gated/Non-Generated Clocks ============================
Clock Tree ID     Driving Element      Drive Element Type     Fanout     Sample Instance
----------------------------------------------------------------------------------------
@KP:ckid0_0       internal_osc.OSC     OSCH                   4          cnt[3:0]       
========================================================================================


##### END OF CLOCK OPTIMIZATION REPORT ######

@N: FX1143 |Skipping assigning INTERNAL_VREF to iobanks, because the table of mapping from pin to iobank is not initialized.
Finished Pre Mapping Phase.

Starting constraint checker (Real Time elapsed 0h:00m:01s; CPU Time elapsed 0h:00m:01s; Memory used current: 172MB peak: 172MB)


Finished constraint checker preprocessing (Real Time elapsed 0h:00m:01s; CPU Time elapsed 0h:00m:01s; Memory used current: 172MB peak: 173MB)

@W: MF511 |Found issues with constraints. Please check constraint checker report "C:\Users\hsi74\GitHub\CURRENT_WAV_CTRL_FPGA\Project\db\work\impl1\common_impl1_cck.rpt" .

Finished constraint checker (Real Time elapsed 0h:00m:01s; CPU Time elapsed 0h:00m:01s; Memory used current: 173MB peak: 173MB)

Pre-mapping successful!

At Mapper Exit (Real Time elapsed 0h:00m:01s; CPU Time elapsed 0h:00m:01s; Memory used current: 91MB peak: 174MB)

Process took 0h:00m:01s realtime, 0h:00m:01s cputime
# Thu Jul 21 10:09:41 2022

###########################################################]
# Thu Jul 21 10:09:41 2022


Copyright (C) 1994-2020 Synopsys, Inc.
This Synopsys software and all associated documentation are proprietary to Synopsys, Inc.
and may only be used pursuant to the terms and conditions of a written license agreement
with Synopsys, Inc. All other use, reproduction, modification, or distribution of the
Synopsys software or the associated documentation is strictly prohibited.
Tool: Synplify Pro (R)
Build: Q-2020.03L-SP1
Install: C:\lscc\diamond\3.12\synpbase
OS: Windows 6.2

Hostname: DESKTOP-060JDBH

Implementation : impl1
Synopsys Lattice Technology Mapper, Version map202003lat, Build 172R, Built Nov  2 2020 09:31:45, @


Mapper Startup Complete (Real Time elapsed 0h:00m:00s; CPU Time elapsed 0h:00m:00s; Memory used current: 118MB peak: 118MB)

@N: MF916 |Option synthesis_strategy=base is enabled. 
@N: MF248 |Running in 64-bit mode.
@N: MF666 |Clock conversion enabled. (Command "set_option -fix_gated_and_generated_clocks 1" in the project file.)

Design Input Complete (Real Time elapsed 0h:00m:00s; CPU Time elapsed 0h:00m:00s; Memory used current: 121MB peak: 130MB)


Mapper Initialization Complete (Real Time elapsed 0h:00m:00s; CPU Time elapsed 0h:00m:00s; Memory used current: 121MB peak: 130MB)


Start loading timing files (Real Time elapsed 0h:00m:00s; CPU Time elapsed 0h:00m:00s; Memory used current: 135MB peak: 135MB)


Finished loading timing files (Real Time elapsed 0h:00m:00s; CPU Time elapsed 0h:00m:00s; Memory used current: 136MB peak: 138MB)



Starting Optimization and Mapping (Real Time elapsed 0h:00m:00s; CPU Time elapsed 0h:00m:00s; Memory used current: 169MB peak: 169MB)


Available hyper_sources - for debug and ip models
	None Found


Finished RTL optimizations (Real Time elapsed 0h:00m:00s; CPU Time elapsed 0h:00m:00s; Memory used current: 172MB peak: 172MB)


Starting factoring (Real Time elapsed 0h:00m:00s; CPU Time elapsed 0h:00m:00s; Memory used current: 173MB peak: 173MB)


Finished factoring (Real Time elapsed 0h:00m:00s; CPU Time elapsed 0h:00m:00s; Memory used current: 173MB peak: 174MB)


Finished generic timing optimizations - Pass 1 (Real Time elapsed 0h:00m:01s; CPU Time elapsed 0h:00m:01s; Memory used current: 174MB peak: 174MB)


Starting Early Timing Optimization (Real Time elapsed 0h:00m:01s; CPU Time elapsed 0h:00m:01s; Memory used current: 174MB peak: 175MB)


Finished Early Timing Optimization (Real Time elapsed 0h:00m:01s; CPU Time elapsed 0h:00m:01s; Memory used current: 174MB peak: 175MB)


Finished generic timing optimizations - Pass 2 (Real Time elapsed 0h:00m:01s; CPU Time elapsed 0h:00m:01s; Memory used current: 174MB peak: 175MB)


Finished preparing to map (Real Time elapsed 0h:00m:01s; CPU Time elapsed 0h:00m:01s; Memory used current: 174MB peak: 175MB)


Finished technology mapping (Real Time elapsed 0h:00m:01s; CPU Time elapsed 0h:00m:01s; Memory used current: 175MB peak: 175MB)

Pass		 CPU time		Worst Slack		Luts / Registers
------------------------------------------------------------
   1		0h:00m:01s		   248.46ns		   6 /         4

Finished technology timing optimizations and critical path resynthesis (Real Time elapsed 0h:00m:01s; CPU Time elapsed 0h:00m:01s; Memory used current: 175MB peak: 175MB)

@N: FX164 |The option to pack registers in the IOB has not been specified. Please set syn_useioff attribute.  

Finished restoring hierarchy (Real Time elapsed 0h:00m:01s; CPU Time elapsed 0h:00m:01s; Memory used current: 175MB peak: 176MB)


Start Writing Netlists (Real Time elapsed 0h:00m:01s; CPU Time elapsed 0h:00m:01s; Memory used current: 141MB peak: 176MB)

Writing Analyst data base C:\Users\hsi74\GitHub\CURRENT_WAV_CTRL_FPGA\Project\db\work\impl1\synwork\common_impl1_m.srm

Finished Writing Netlist Databases (Real Time elapsed 0h:00m:02s; CPU Time elapsed 0h:00m:01s; Memory used current: 176MB peak: 176MB)

Writing EDIF Netlist and constraint files
@N: FX1056 |Writing EDF file: C:\Users\hsi74\GitHub\CURRENT_WAV_CTRL_FPGA\Project\db\work\impl1\common_impl1.edi
@N: BW106 |Synplicity Constraint File capacitance units using default value of 1pF 

Finished Writing EDIF Netlist and constraint files (Real Time elapsed 0h:00m:02s; CPU Time elapsed 0h:00m:02s; Memory used current: 181MB peak: 181MB)


Start final timing analysis (Real Time elapsed 0h:00m:02s; CPU Time elapsed 0h:00m:02s; Memory used current: 181MB peak: 182MB)

@N: MT615 |Found clock rootClk with period 250.00ns 


##### START OF TIMING REPORT #####[
# Timing report written on Thu Jul 21 10:09:44 2022
#


Top view:               ci_stim_fpga_wrapper
Requested Frequency:    4.0 MHz
Wire load mode:         top
Paths requested:        5
Constraint File(s):    C:\Users\hsi74\GitHub\CURRENT_WAV_CTRL_FPGA\Project\db\sdc\common.sdc
                       
@N: MT320 |This timing report is an estimate of place and route data. For final timing results, use the FPGA vendor place and route report.

@N: MT322 |Clock constraints include only register-to-register paths associated with each individual clock.



Performance Summary
*******************


Worst slack in design: 248.147

                   Requested     Estimated     Requested     Estimated                 Clock        Clock           
Starting Clock     Frequency     Frequency     Period        Period        Slack       Type         Group           
--------------------------------------------------------------------------------------------------------------------
rootClk            4.0 MHz       539.5 MHz     250.000       1.853         248.147     declared     default_clkgroup
System             100.0 MHz     NA            10.000        NA            NA          system       system_clkgroup 
====================================================================================================================
Estimated period and frequency reported as NA means no slack depends directly on the clock waveform





Clock Relationships
*******************

Clocks             |    rise  to  rise     |    fall  to  fall   |    rise  to  fall   |    fall  to  rise 
-----------------------------------------------------------------------------------------------------------
Starting  Ending   |  constraint  slack    |  constraint  slack  |  constraint  slack  |  constraint  slack
-----------------------------------------------------------------------------------------------------------
rootClk   rootClk  |  250.000     248.147  |  No paths    -      |  No paths    -      |  No paths    -    
===========================================================================================================
 Note: 'No paths' indicates there are no paths in the design for that pair of clock edges.
       'Diff grp' indicates that paths exist but the starting clock and ending clock are in different clock groups.



Interface Information 
*********************

No IO constraint found



====================================
Detailed Report for Clock: rootClk
====================================



Starting Points with Worst Slack
********************************

             Starting                                     Arrival            
Instance     Reference     Type        Pin     Net        Time        Slack  
             Clock                                                           
-----------------------------------------------------------------------------
cnt[0]       rootClk       FD1S3DX     Q       CO0        1.180       248.147
cnt[1]       rootClk       FD1S3DX     Q       cnt[1]     1.148       248.324
cnt[2]       rootClk       FD1S3DX     Q       cnt[2]     1.108       248.364
cnt[3]       rootClk       FD1S3DX     Q       cnt[3]     1.044       248.428
=============================================================================


Ending Points with Worst Slack
******************************

             Starting                                         Required            
Instance     Reference     Type        Pin     Net            Time         Slack  
             Clock                                                                
----------------------------------------------------------------------------------
cnt[0]       rootClk       FD1S3DX     D       CO0_i          249.894      248.147
cnt[1]       rootClk       FD1S3DX     D       cnt_RNO[1]     250.089      248.292
cnt[2]       rootClk       FD1S3DX     D       cnt_RNO[2]     250.089      248.292
cnt[3]       rootClk       FD1S3DX     D       cnt_RNO[3]     250.089      248.292
==================================================================================



Worst Path Information
***********************


Path information for path number 1: 
      Requested Period:                      250.000
    - Setup time:                            0.106
    + Clock delay at ending point:           0.000 (ideal)
    = Required time:                         249.894

    - Propagation time:                      1.748
    - Clock delay at starting point:         0.000 (ideal)
    = Slack (critical) :                     248.147

    Number of logic level(s):                1
    Starting point:                          cnt[0] / Q
    Ending point:                            cnt[0] / D
    The start point is clocked by            rootClk [rising] (rise=0.000 fall=125.000 period=250.000) on pin CK
    The end   point is clocked by            rootClk [rising] (rise=0.000 fall=125.000 period=250.000) on pin CK

Instance / Net                 Pin      Pin               Arrival     No. of    
Name               Type        Name     Dir     Delay     Time        Fan Out(s)
--------------------------------------------------------------------------------
cnt[0]             FD1S3DX     Q        Out     1.180     1.180 r     -         
CO0                Net         -        -       -         -           5         
cnt_RNO[0]         INV         A        In      0.000     1.180 r     -         
cnt_RNO[0]         INV         Z        Out     0.568     1.748 f     -         
CO0_i              Net         -        -       -         -           1         
cnt[0]             FD1S3DX     D        In      0.000     1.748 f     -         
================================================================================



##### END OF TIMING REPORT #####]

Timing exceptions that could not be applied
@W: MT447 :"c:/users/hsi74/github/current_wav_ctrl_fpga/project/db/sdc/common.sdc":51:0:51:0|Timing constraint (from [get_clocks rootClk] to [get_clocks ck_sw1_a]) (false path) was not applied to the design because none of the '-to' objects specified by the constraint exist in the design 
@W: MT447 :"c:/users/hsi74/github/current_wav_ctrl_fpga/project/db/sdc/common.sdc":52:0:52:0|Timing constraint (from [get_clocks ck_sw1_a] to [get_clocks rootClk]) (false path) was not applied to the design because none of the '-from' objects specified by the constraint exist in the design 
@W: MT447 :"c:/users/hsi74/github/current_wav_ctrl_fpga/project/db/sdc/common.sdc":53:0:53:0|Timing constraint (from [get_clocks rootClk] to [get_clocks ck_sw2_a]) (false path) was not applied to the design because none of the '-to' objects specified by the constraint exist in the design 
@W: MT447 :"c:/users/hsi74/github/current_wav_ctrl_fpga/project/db/sdc/common.sdc":54:0:54:0|Timing constraint (from [get_clocks ck_sw2_a] to [get_clocks rootClk]) (false path) was not applied to the design because none of the '-from' objects specified by the constraint exist in the design 
@W: MT447 :"c:/users/hsi74/github/current_wav_ctrl_fpga/project/db/sdc/common.sdc":55:0:55:0|Timing constraint (from [get_clocks ck_sw1_a] to [get_clocks ck_sw2_a]) (false path) was not applied to the design because none of the '-from' objects specified by the constraint exist in the design 
@W: MT447 :"c:/users/hsi74/github/current_wav_ctrl_fpga/project/db/sdc/common.sdc":56:0:56:0|Timing constraint (from [get_clocks ck_sw2_a] to [get_clocks ck_sw1_a]) (false path) was not applied to the design because none of the '-to' objects specified by the constraint exist in the design 
@W: MT447 :"c:/users/hsi74/github/current_wav_ctrl_fpga/project/db/sdc/common.sdc":57:0:57:0|Timing constraint (from [get_clocks ck_div4] to [get_clocks ck_cg_fsm]) (false path) was not applied to the design because none of the '-to' objects specified by the constraint exist in the design 
@W: MT447 :"c:/users/hsi74/github/current_wav_ctrl_fpga/project/db/sdc/common.sdc":58:0:58:0|Timing constraint (from [get_clocks ck_cg_fsm] to [get_clocks ck_div4]) (false path) was not applied to the design because none of the '-from' objects specified by the constraint exist in the design 
None

Finished final timing analysis (Real Time elapsed 0h:00m:02s; CPU Time elapsed 0h:00m:02s; Memory used current: 181MB peak: 182MB)


Finished timing report (Real Time elapsed 0h:00m:02s; CPU Time elapsed 0h:00m:02s; Memory used current: 181MB peak: 182MB)

---------------------------------------
Resource Usage Report
Part: lcmxo2_2000ze-1

Register bits: 4 of 2112 (0%)
PIC Latch:       0
I/O cells:       6


Details:
FD1S3DX:        4
GSR:            1
IB:             1
INV:            2
OB:             5
ORCALUT4:       4
OSCH:           1
PUR:            1
VHI:            1
VLO:            1
Mapper successful!

At Mapper Exit (Real Time elapsed 0h:00m:02s; CPU Time elapsed 0h:00m:02s; Memory used current: 66MB peak: 182MB)

Process took 0h:00m:03s realtime, 0h:00m:03s cputime
# Thu Jul 21 10:09:44 2022

###########################################################]


Synthesis exit by 0.

edif2ngd  -l "MachXO2" -d LCMXO2-2000ZE -path "C:/Users/hsi74/GitHub/CURRENT_WAV_CTRL_FPGA/Project/db/work/impl1" -path "C:/Users/hsi74/GitHub/CURRENT_WAV_CTRL_FPGA/Project/db/work"   "C:/Users/hsi74/GitHub/CURRENT_WAV_CTRL_FPGA/Project/db/work/impl1/common_impl1.edi" "common_impl1.ngo"   
edif2ngd:  version Diamond (64-bit) 3.12.0.240.2

Copyright (c) 1991-1994 by NeoCAD Inc. All rights reserved.
Copyright (c) 1995 AT&T Corp.   All rights reserved.
Copyright (c) 1995-2001 Lucent Technologies Inc.  All rights reserved.
Copyright (c) 2001 Agere Systems   All rights reserved.
Copyright (c) 2002-2020 Lattice Semiconductor Corporation,  All rights reserved.
Writing the design to common_impl1.ngo...

Total CPU Time: 0 secs  
Total REAL Time: 0 secs  
Peak Memory Usage: 11 MB


ngdbuild  -a "MachXO2" -d LCMXO2-2000ZE  -p "C:/lscc/diamond/3.12/ispfpga/xo2c00/data"  -p "C:/Users/hsi74/GitHub/CURRENT_WAV_CTRL_FPGA/Project/db/work/impl1" -p "C:/Users/hsi74/GitHub/CURRENT_WAV_CTRL_FPGA/Project/db/work"  "common_impl1.ngo" "common_impl1.ngd"  	
ngdbuild:  version Diamond (64-bit) 3.12.0.240.2

Copyright (c) 1991-1994 by NeoCAD Inc. All rights reserved.
Copyright (c) 1995 AT&T Corp.   All rights reserved.
Copyright (c) 1995-2001 Lucent Technologies Inc.  All rights reserved.
Copyright (c) 2001 Agere Systems   All rights reserved.
Copyright (c) 2002-2020 Lattice Semiconductor Corporation,  All rights reserved.
Reading 'common_impl1.ngo' ...
Loading NGL library 'C:/lscc/diamond/3.12/ispfpga/xo2c00a/data/xo2alib.ngl'...
Loading NGL library 'C:/lscc/diamond/3.12/ispfpga/xo2c00/data/xo2clib.ngl'...
Loading NGL library 'C:/lscc/diamond/3.12/ispfpga/mg5g00/data/mg5glib.ngl'...
Loading NGL library 'C:/lscc/diamond/3.12/ispfpga/or5g00/data/orc5glib.ngl'...


Running DRC...

    <postMsg mid="1166052" type="Warning" dynamic="2" navigation="1" arg0="logical" arg1="internal_osc_SEDSTDBY" arg2="internal_osc_SEDSTDBY"  />
    <postMsg mid="1163101" type="Warning" dynamic="1" navigation="0" arg0="1"  />

Design Results:
     20 blocks expanded
Complete the first expansion.
Writing 'common_impl1.ngd' ...
Total CPU Time: 0 secs 
Total REAL Time: 0 secs 
Peak Memory Usage: 18 MB


map -a "MachXO2" -p LCMXO2-2000ZE -t TQFP100 -s 1 -oc Commercial   "common_impl1.ngd" -o "common_impl1_map.ncd" -pr "common_impl1.prf" -mp "common_impl1.mrp" -lpf "C:/Users/hsi74/GitHub/CURRENT_WAV_CTRL_FPGA/Project/db/work/impl1/common_impl1_synplify.lpf" -lpf "C:/Users/hsi74/GitHub/CURRENT_WAV_CTRL_FPGA/Project/db/work/common.lpf"  -c 0           
map:  version Diamond (64-bit) 3.12.0.240.2

Copyright (c) 1991-1994 by NeoCAD Inc. All rights reserved.
Copyright (c) 1995 AT&T Corp.   All rights reserved.
Copyright (c) 1995-2001 Lucent Technologies Inc.  All rights reserved.
Copyright (c) 2001 Agere Systems   All rights reserved.
Copyright (c) 2002-2020 Lattice Semiconductor Corporation,  All rights reserved.
   Process the file: common_impl1.ngd
   Picdevice="LCMXO2-2000ZE"

   Pictype="TQFP100"

   Picspeed=1

   Remove unused logic

   Do not produce over sized NCDs.

Part used: LCMXO2-2000ZETQFP100, Performance used: 1.

    <postMsg mid="1100523" type="Warning" dynamic="2" navigation="2" arg0="C:/Users/hsi74/GitHub/CURRENT_WAV_CTRL_FPGA/Project/db/work/common.lpf(3): Semantic error in &quot;FREQUENCY NET &quot;w_div64_clk_0&quot; 0.100000 MHz ;&quot;: " arg1="w_div64_clk_0 matches no clock nets in the design. " arg2="C:/Users/hsi74/GitHub/CURRENT_WAV_CTRL_FPGA/Project/db/work/common.lpf" arg3="3"  />
    <postMsg mid="1100523" type="Warning" dynamic="2" navigation="2" arg0="C:/Users/hsi74/GitHub/CURRENT_WAV_CTRL_FPGA/Project/db/work/common.lpf(4): Semantic error in &quot;FREQUENCY NET &quot;w_div64x64_clk_0&quot; 0.100000 MHz ;&quot;: " arg1="w_div64x64_clk_0 matches no clock nets in the design. " arg2="C:/Users/hsi74/GitHub/CURRENT_WAV_CTRL_FPGA/Project/db/work/common.lpf" arg3="4"  />
Loading device for application map from file 'xo2c2000.nph' in environment: C:/lscc/diamond/3.12/ispfpga.
Package Status:                     Final          Version 1.44.

Running general design DRC...

Removing unused logic...

Optimizing...

    <postMsg mid="52101117" type="Warning" dynamic="5" navigation="0" arg0="OSCH" arg1="internal_osc" arg2="4.00" arg3="2.08,2.15,2.22,2.29,2.38,2.46,2.56,2.66,2.77,2.89,3.02,3.17,3.33,3.50,3.69,3.91,4.16,4.29,4.43,4.59,4.75,4.93,5.12,5.32,5.54,5.78,6.05,6.33,6.65,7.00,7.39,7.82,8.31,8.58,8.87,9.17,9.50,9.85,10.23,10.64,11.08,11.57,12.09,12.67,13.30,14.00,14.78,15.65,16.63,17.73,19.00,20.46,22.17,24.18,26.60,29.56,33.25,38.00,44.33,53.20,66.50,88.67,133.00" arg4="14.00"  />



Design Summary:
   Number of registers:      4 out of  2352 (0%)
      PFU registers:            4 out of  2112 (0%)
      PIO registers:            0 out of   240 (0%)
   Number of SLICEs:         3 out of  1056 (0%)
      SLICEs as Logic/ROM:      3 out of  1056 (0%)
      SLICEs as RAM:            0 out of   792 (0%)
      SLICEs as Carry:          0 out of  1056 (0%)
   Number of LUT4s:          6 out of  2112 (0%)
      Number used as logic LUTs:          6
      Number used as distributed RAM:     0
      Number used as ripple logic:        0
      Number used as shift registers:     0
   Number of PIO sites used: 6 + 4(JTAG) out of 80 (13%)
   Number of block RAMs:  0 out of 8 (0%)
   Number of GSRs:        1 out of 1 (100%)
   EFB used :        No
   JTAG used :       No
   Readback used :   No
   Oscillator used : Yes
   Startup used :    No
   POR :             On
   Bandgap :         On
   Number of Power Controller:  0 out of 1 (0%)
   Number of Dynamic Bank Controller (BCINRD):  0 out of 6 (0%)
   Number of Dynamic Bank Controller (BCLVDSO):  0 out of 1 (0%)
   Number of DCCA:  0 out of 8 (0%)
   Number of DCMA:  0 out of 2 (0%)
   Number of PLLs:  0 out of 1 (0%)
   Number of DQSDLLs:  0 out of 2 (0%)
   Number of CLKDIVC:  0 out of 4 (0%)
   Number of ECLKSYNCA:  0 out of 4 (0%)
   Number of ECLKBRIDGECS:  0 out of 2 (0%)
   Notes:-
      1. Total number of LUT4s = (Number of logic LUT4s) + 2*(Number of distributed RAMs) + 2*(Number of ripple logic)
      2. Number of logic LUT4s does not include count of distributed RAM and ripple logic.
   Number of clocks:  1
     Net w_clk: 3 loads, 3 rising, 0 falling (Driver: internal_osc )
   Number of Clock Enables:  0
   Number of local set/reset loads for net i_rst_n_c merged into GSR:  4
   Number of LSRs:  0
   Number of nets driven by tri-state buffers:  0
   Top 10 highest fanout non-clock nets:
     Net CO0: 5 loads
     Net cnt[1]: 4 loads
     Net cnt[2]: 3 loads
     Net cnt[3]: 2 loads
     Net cnt_RNO[1]: 1 loads
     Net cnt_RNO[2]: 1 loads
     Net cnt_RNO[3]: 1 loads
     Net CO0_i: 1 loads
     Net i_rst_n_c: 1 loads
     Net out_sw1_sig_c: 1 loads
 

   Number of warnings:  3
   Number of errors:    0



Total CPU Time: 0 secs  
Total REAL Time: 0 secs  
Peak Memory Usage: 43 MB

Dumping design to file common_impl1_map.ncd.

trce -f "common_impl1.mt" -o "common_impl1.tw1" "common_impl1_map.ncd" "common_impl1.prf"
trce:  version Diamond (64-bit) 3.12.0.240.2

Copyright (c) 1991-1994 by NeoCAD Inc. All rights reserved.
Copyright (c) 1995 AT&T Corp.   All rights reserved.
Copyright (c) 1995-2001 Lucent Technologies Inc.  All rights reserved.
Copyright (c) 2001 Agere Systems   All rights reserved.
Copyright (c) 2002-2020 Lattice Semiconductor Corporation,  All rights reserved.

Loading design for application trce from file common_impl1_map.ncd.
Design name: ci_stim_fpga_wrapper
NCD version: 3.3
Vendor:      LATTICE
Device:      LCMXO2-2000ZE
Package:     TQFP100
Performance: 1
Loading device for application trce from file 'xo2c2000.nph' in environment: C:/lscc/diamond/3.12/ispfpga.
Package Status:                     Final          Version 1.44.
Performance Hardware Data Status:   Final          Version 34.4.
Setup and Hold Report

--------------------------------------------------------------------------------
Lattice TRACE Report - Setup, Version Diamond (64-bit) 3.12.0.240.2
Thu Jul 21 10:09:47 2022

Copyright (c) 1991-1994 by NeoCAD Inc. All rights reserved.
Copyright (c) 1995 AT&T Corp.   All rights reserved.
Copyright (c) 1995-2001 Lucent Technologies Inc.  All rights reserved.
Copyright (c) 2001 Agere Systems   All rights reserved.
Copyright (c) 2002-2020 Lattice Semiconductor Corporation,  All rights reserved.

Report Information
------------------
Command line:    trce -v 1 -gt -mapchkpnt 0 -sethld -o common_impl1.tw1 -gui -msgset C:/Users/hsi74/GitHub/CURRENT_WAV_CTRL_FPGA/Project/db/work/promote.xml common_impl1_map.ncd common_impl1.prf 
Design file:     common_impl1_map.ncd
Preference file: common_impl1.prf
Device,speed:    LCMXO2-2000ZE,1
Report level:    verbose report, limited to 1 item per preference
--------------------------------------------------------------------------------

BLOCK ASYNCPATHS
BLOCK RESETPATHS
--------------------------------------------------------------------------------



Timing summary (Setup):
---------------

Timing errors: 0  Score: 0
Cumulative negative slack: 0

Constraints cover 10 paths, 1 nets, and 27 connections (100.00% coverage)

--------------------------------------------------------------------------------
Lattice TRACE Report - Hold, Version Diamond (64-bit) 3.12.0.240.2
Thu Jul 21 10:09:47 2022

Copyright (c) 1991-1994 by NeoCAD Inc. All rights reserved.
Copyright (c) 1995 AT&T Corp.   All rights reserved.
Copyright (c) 1995-2001 Lucent Technologies Inc.  All rights reserved.
Copyright (c) 2001 Agere Systems   All rights reserved.
Copyright (c) 2002-2020 Lattice Semiconductor Corporation,  All rights reserved.

Report Information
------------------
Command line:    trce -v 1 -gt -mapchkpnt 0 -sethld -o common_impl1.tw1 -gui -msgset C:/Users/hsi74/GitHub/CURRENT_WAV_CTRL_FPGA/Project/db/work/promote.xml common_impl1_map.ncd common_impl1.prf 
Design file:     common_impl1_map.ncd
Preference file: common_impl1.prf
Device,speed:    LCMXO2-2000ZE,M
Report level:    verbose report, limited to 1 item per preference
--------------------------------------------------------------------------------

BLOCK ASYNCPATHS
BLOCK RESETPATHS
--------------------------------------------------------------------------------



Timing summary (Hold):
---------------

Timing errors: 0  Score: 0
Cumulative negative slack: 0

Constraints cover 10 paths, 1 nets, and 27 connections (100.00% coverage)



Timing summary (Setup and Hold):
---------------

Timing errors: 0 (setup), 0 (hold)
Score: 0 (setup), 0 (hold)
Cumulative negative slack: 0 (0+0)
--------------------------------------------------------------------------------

--------------------------------------------------------------------------------

Total CPU Time: 0 secs 
Total REAL Time: 0 secs 
Peak Memory Usage: 50 MB


mpartrce -p "common_impl1.p2t" -f "common_impl1.p3t" -tf "common_impl1.pt" "common_impl1_map.ncd" "common_impl1.ncd"

---- MParTrce Tool ----
Removing old design directory at request of -rem command line option to this program.
Running par. Please wait . . .

Lattice Place and Route Report for Design "common_impl1_map.ncd"
Thu Jul 21 10:09:47 2022

PAR: Place And Route Diamond (64-bit) 3.12.0.240.2.
Command Line: par -w -l 5 -i 6 -t 1 -c 0 -e 0 -gui -msgset C:/Users/hsi74/GitHub/CURRENT_WAV_CTRL_FPGA/Project/db/work/promote.xml -exp parUseNBR=1:parCDP=0:parCDR=0:parPathBased=OFF:parASE=1 common_impl1_map.ncd common_impl1.dir/5_1.ncd common_impl1.prf
Preference file: common_impl1.prf.
Placement level-cost: 5-1.
Routing Iterations: 6

Loading design for application par from file common_impl1_map.ncd.
Design name: ci_stim_fpga_wrapper
NCD version: 3.3
Vendor:      LATTICE
Device:      LCMXO2-2000ZE
Package:     TQFP100
Performance: 1
Loading device for application par from file 'xo2c2000.nph' in environment: C:/lscc/diamond/3.12/ispfpga.
Package Status:                     Final          Version 1.44.
Performance Hardware Data Status:   Final          Version 34.4.
License checked out.


Ignore Preference Error(s):  True
Device utilization summary:

   PIO (prelim)    6+4(JTAG)/216     5% used
                   6+4(JTAG)/80      13% bonded

   SLICE              3/1056         <1% used

   GSR                1/1           100% used
   OSC                1/1           100% used


Number of Signals: 12
Number of Connections: 27

Pin Constraint Summary:
   6 out of 6 pins locked (100% locked).

No signal is selected as primary clock.


No signal is selected as secondary clock.

Signal i_rst_n_c is selected as Global Set/Reset.
Starting Placer Phase 0.

Finished Placer Phase 0.  REAL time: 0 secs 

Starting Placer Phase 1.
....................
Placer score = 3537.
Finished Placer Phase 1.  REAL time: 0 secs 

Starting Placer Phase 2.
.
Placer score =  3526
Finished Placer Phase 2.  REAL time: 0 secs 


------------------ Clock Report ------------------

Global Clock Resources:
  CLK_PIN    : 0 out of 8 (0%)
  PLL        : 0 out of 1 (0%)
  DCM        : 0 out of 2 (0%)
  DCC        : 0 out of 8 (0%)

Global Clocks:

  PRIMARY  : 0 out of 8 (0%)
  SECONDARY: 0 out of 8 (0%)

Edge Clocks:
  No edge clock selected.

--------------- End of Clock Report ---------------


I/O Usage Summary (final):
   6 + 4(JTAG) out of 216 (4.6%) PIO sites used.
   6 + 4(JTAG) out of 80 (12.5%) bonded PIO sites used.
   Number of PIO comps: 6; differential: 0.
   Number of Vref pins used: 0.

I/O Bank Usage Summary:
+----------+---------------+------------+-----------+
| I/O Bank | Usage         | Bank Vccio | Bank Vref |
+----------+---------------+------------+-----------+
| 0        | 0 / 19 (  0%) | -          | -         |
| 1        | 5 / 21 ( 23%) | 3.3V       | -         |
| 2        | 0 / 20 (  0%) | -          | -         |
| 3        | 0 / 6 (  0%)  | -          | -         |
| 4        | 1 / 6 ( 16%)  | 3.3V       | -         |
| 5        | 0 / 8 (  0%)  | -          | -         |
+----------+---------------+------------+-----------+

Total placer CPU time: 1 secs 

Dumping design to file common_impl1.dir/5_1.ncd.

0 connections routed; 27 unrouted.
Starting router resource preassignment

    <postMsg mid="66011008" type="Warning" dynamic="1" navigation="0" arg0="&#xA;   Signal=w_clk loads=3 clock_loads=3"  />

Completed router resource preassignment. Real time: 0 secs 

Start NBR router at 10:09:48 07/21/22

*****************************************************************
Info: NBR allows conflicts(one node used by more than one signal)
      in the earlier iterations. In each iteration, it tries to  
      solve the conflicts while keeping the critical connections 
      routed as short as possible. The routing process is said to
      be completed when no conflicts exist and all connections   
      are routed.                                                
Note: NBR uses a different method to calculate timing slacks. The
      worst slack and total negative slack may not be the same as
      that in TRCE report. You should always run TRCE to verify  
      your design.                                               
*****************************************************************

Start NBR special constraint process at 10:09:48 07/21/22

Start NBR section for initial routing at 10:09:48 07/21/22
Level 4, iteration 1
0(0.00%) conflict; 0(0.00%) untouched conn; 0 (nbr) score; 
Estimated worst slack/total negative slack<setup>: 65.657ns/0.000ns; real time: 2 secs 

Info: Initial congestion level at 75% usage is 0
Info: Initial congestion area  at 75% usage is 0 (0.00%)

Start NBR section for normal routing at 10:09:49 07/21/22
Level 4, iteration 1
0(0.00%) conflict; 0(0.00%) untouched conn; 0 (nbr) score; 
Estimated worst slack/total negative slack<setup>: 65.657ns/0.000ns; real time: 2 secs 

Start NBR section for setup/hold timing optimization with effort level 3 at 10:09:49 07/21/22

Start NBR section for re-routing at 10:09:49 07/21/22
Level 4, iteration 1
0(0.00%) conflict; 0(0.00%) untouched conn; 0 (nbr) score; 
Estimated worst slack/total negative slack<setup>: 65.657ns/0.000ns; real time: 2 secs 

Start NBR section for post-routing at 10:09:49 07/21/22

End NBR router with 0 unrouted connection

NBR Summary
-----------
  Number of unrouted connections : 0 (0.00%)
  Number of connections with timing violations : 0 (0.00%)
  Estimated worst slack<setup> : 65.657ns
  Timing score<setup> : 0
-----------
Notes: The timing info is calculated for SETUP only and all PAR_ADJs are ignored.



    <postMsg mid="66011008" type="Warning" dynamic="1" navigation="0" arg0="&#xA;   Signal=w_clk loads=3 clock_loads=3"  />

Total CPU time 1 secs 
Total REAL time: 2 secs 
Completely routed.
End of route.  27 routed (100.00%); 0 unrouted.

Hold time timing score: 0, hold timing errors: 0

Timing score: 0 

Dumping design to file common_impl1.dir/5_1.ncd.


PAR_SUMMARY::Run status = Completed
PAR_SUMMARY::Number of unrouted conns = 0
PAR_SUMMARY::Worst  slack<setup/<ns>> = 65.657
PAR_SUMMARY::Timing score<setup/<ns>> = 0.000
PAR_SUMMARY::Worst  slack<hold /<ns>> = 0.857
PAR_SUMMARY::Timing score<hold /<ns>> = 0.000
PAR_SUMMARY::Number of errors = 0

Total CPU  time to completion: 1 secs 
Total REAL time to completion: 2 secs 

par done!

Note: user must run 'Trace' for timing closure signoff.

Copyright (c) 1991-1994 by NeoCAD Inc. All rights reserved.
Copyright (c) 1995 AT&T Corp.   All rights reserved.
Copyright (c) 1995-2001 Lucent Technologies Inc.  All rights reserved.
Copyright (c) 2001 Agere Systems   All rights reserved.
Copyright (c) 2002-2020 Lattice Semiconductor Corporation,  All rights reserved.
Exiting par with exit code 0
Exiting mpartrce with exit code 0

trce -f "common_impl1.pt" -o "common_impl1.twr" "common_impl1.ncd" "common_impl1.prf"
trce:  version Diamond (64-bit) 3.12.0.240.2

Copyright (c) 1991-1994 by NeoCAD Inc. All rights reserved.
Copyright (c) 1995 AT&T Corp.   All rights reserved.
Copyright (c) 1995-2001 Lucent Technologies Inc.  All rights reserved.
Copyright (c) 2001 Agere Systems   All rights reserved.
Copyright (c) 2002-2020 Lattice Semiconductor Corporation,  All rights reserved.

Loading design for application trce from file common_impl1.ncd.
Design name: ci_stim_fpga_wrapper
NCD version: 3.3
Vendor:      LATTICE
Device:      LCMXO2-2000ZE
Package:     TQFP100
Performance: 1
Loading device for application trce from file 'xo2c2000.nph' in environment: C:/lscc/diamond/3.12/ispfpga.
Package Status:                     Final          Version 1.44.
Performance Hardware Data Status:   Final          Version 34.4.
Setup and Hold Report

--------------------------------------------------------------------------------
Lattice TRACE Report - Setup, Version Diamond (64-bit) 3.12.0.240.2
Thu Jul 21 10:09:49 2022

Copyright (c) 1991-1994 by NeoCAD Inc. All rights reserved.
Copyright (c) 1995 AT&T Corp.   All rights reserved.
Copyright (c) 1995-2001 Lucent Technologies Inc.  All rights reserved.
Copyright (c) 2001 Agere Systems   All rights reserved.
Copyright (c) 2002-2020 Lattice Semiconductor Corporation,  All rights reserved.

Report Information
------------------
Command line:    trce -v 10 -gt -sethld -sp 1 -sphld m -o common_impl1.twr -gui -msgset C:/Users/hsi74/GitHub/CURRENT_WAV_CTRL_FPGA/Project/db/work/promote.xml common_impl1.ncd common_impl1.prf 
Design file:     common_impl1.ncd
Preference file: common_impl1.prf
Device,speed:    LCMXO2-2000ZE,1
Report level:    verbose report, limited to 10 items per preference
--------------------------------------------------------------------------------

BLOCK ASYNCPATHS
BLOCK RESETPATHS
--------------------------------------------------------------------------------



Timing summary (Setup):
---------------

Timing errors: 0  Score: 0
Cumulative negative slack: 0

Constraints cover 10 paths, 1 nets, and 27 connections (100.00% coverage)

--------------------------------------------------------------------------------
Lattice TRACE Report - Hold, Version Diamond (64-bit) 3.12.0.240.2
Thu Jul 21 10:09:49 2022

Copyright (c) 1991-1994 by NeoCAD Inc. All rights reserved.
Copyright (c) 1995 AT&T Corp.   All rights reserved.
Copyright (c) 1995-2001 Lucent Technologies Inc.  All rights reserved.
Copyright (c) 2001 Agere Systems   All rights reserved.
Copyright (c) 2002-2020 Lattice Semiconductor Corporation,  All rights reserved.

Report Information
------------------
Command line:    trce -v 10 -gt -sethld -sp 1 -sphld m -o common_impl1.twr -gui -msgset C:/Users/hsi74/GitHub/CURRENT_WAV_CTRL_FPGA/Project/db/work/promote.xml common_impl1.ncd common_impl1.prf 
Design file:     common_impl1.ncd
Preference file: common_impl1.prf
Device,speed:    LCMXO2-2000ZE,m
Report level:    verbose report, limited to 10 items per preference
--------------------------------------------------------------------------------

BLOCK ASYNCPATHS
BLOCK RESETPATHS
--------------------------------------------------------------------------------



Timing summary (Hold):
---------------

Timing errors: 0  Score: 0
Cumulative negative slack: 0

Constraints cover 10 paths, 1 nets, and 27 connections (100.00% coverage)



Timing summary (Setup and Hold):
---------------

Timing errors: 0 (setup), 0 (hold)
Score: 0 (setup), 0 (hold)
Cumulative negative slack: 0 (0+0)
--------------------------------------------------------------------------------

--------------------------------------------------------------------------------

Total CPU Time: 0 secs 
Total REAL Time: 0 secs 
Peak Memory Usage: 50 MB


tmcheck -par "common_impl1.par" 

bitgen -f "common_impl1.t2b" -w "common_impl1.ncd"  -jedec "common_impl1.prf"


BITGEN: Bitstream Generator Diamond (64-bit) 3.12.0.240.2
Copyright (c) 1991-1994 by NeoCAD Inc. All rights reserved.
Copyright (c) 1995 AT&T Corp.   All rights reserved.
Copyright (c) 1995-2001 Lucent Technologies Inc.  All rights reserved.
Copyright (c) 2001 Agere Systems   All rights reserved.
Copyright (c) 2002-2020 Lattice Semiconductor Corporation,  All rights reserved.


Loading design for application Bitgen from file common_impl1.ncd.
Design name: ci_stim_fpga_wrapper
NCD version: 3.3
Vendor:      LATTICE
Device:      LCMXO2-2000ZE
Package:     TQFP100
Performance: 1
Loading device for application Bitgen from file 'xo2c2000.nph' in environment: C:/lscc/diamond/3.12/ispfpga.
Package Status:                     Final          Version 1.44.
Performance Hardware Data Status:   Final          Version 34.4.

Running DRC.
DRC detected 0 errors and 0 warnings.
Reading Preference File from common_impl1.prf.

Preference Summary:
+---------------------------------+---------------------------------+
|  Preference                     |  Current Setting                |
+---------------------------------+---------------------------------+
|                         RamCfg  |                        Reset**  |
+---------------------------------+---------------------------------+
|                     MCCLK_FREQ  |                         2.08**  |
+---------------------------------+---------------------------------+
|                  CONFIG_SECURE  |                          OFF**  |
+---------------------------------+---------------------------------+
|                          INBUF  |                           ON**  |
+---------------------------------+---------------------------------+
|                      JTAG_PORT  |                       ENABLE**  |
+---------------------------------+---------------------------------+
|                       SDM_PORT  |                      DISABLE**  |
+---------------------------------+---------------------------------+
|                 SLAVE_SPI_PORT  |                      DISABLE**  |
+---------------------------------+---------------------------------+
|                MASTER_SPI_PORT  |                      DISABLE**  |
+---------------------------------+---------------------------------+
|                       I2C_PORT  |                      DISABLE**  |
+---------------------------------+---------------------------------+
|        MUX_CONFIGURATION_PORTS  |                      DISABLE**  |
+---------------------------------+---------------------------------+
|                  CONFIGURATION  |                          CFG**  |
+---------------------------------+---------------------------------+
|                COMPRESS_CONFIG  |                           ON**  |
+---------------------------------+---------------------------------+
|                        MY_ASSP  |                          OFF**  |
+---------------------------------+---------------------------------+
|               ONE_TIME_PROGRAM  |                          OFF**  |
+---------------------------------+---------------------------------+
|                 ENABLE_TRANSFR  |                      DISABLE**  |
+---------------------------------+---------------------------------+
|                  SHAREDEBRINIT  |                      DISABLE**  |
+---------------------------------+---------------------------------+
|            BACKGROUND_RECONFIG  |                          OFF**  |
+---------------------------------+---------------------------------+
 *  Default setting.
 ** The specified setting matches the default setting.


Creating bit map...
 
Bitstream Status: Final           Version 1.95.
 
Saving bit stream in "common_impl1.jed".
 
===========
UFM Summary.
===========
UFM Size:        639 Pages (128*639 Bits).
UFM Utilization: General Purpose Flash Memory.
 
Available General Purpose Flash Memory:  639 Pages (Page 0 to Page 638).
Initialized UFM Pages:                     0 Page.
 
Total CPU Time: 1 secs 
Total REAL Time: 0 secs 
Peak Memory Usage: 260 MB
