
Copyright (C) 1994-2021 Synopsys, Inc.
This Synopsys software and all associated documentation are proprietary to Synopsys, Inc.
and may only be used pursuant to the terms and conditions of a written license agreement
with Synopsys, Inc. All other use, reproduction, modification, or distribution of the
Synopsys software or the associated documentation is strictly prohibited.
Tool: Synplify Pro (R)
Build: R-2021.03L-SP1
Install: C:\lscc\diamond\3.12\synpbase
OS: Windows 6.2

Hostname: TODOC-ECHO-LAPT

Implementation : impl1

# Written on Thu Aug 25 11:56:04 2022

##### FILES SYNTAX CHECKED ##############################################
Constraint File(s):      "C:\Users\eidos\GitHub\CURRENT_WAV_CTRL_FPGA\db\sdc\common.sdc"

#Run constraint checker to find more issues with constraints.
#########################################################################



No issues found in constraint syntax.



Clock Summary
*************

          Start       Requested     Requested     Clock        Clock                Clock
Level     Clock       Frequency     Period        Type         Group                Load 
-----------------------------------------------------------------------------------------
0 -       rootClk     4.0 MHz       250.000       declared     default_clkgroup     153  
=========================================================================================


Clock Load Summary
******************

            Clock     Source                     Clock Pin       Non-clock Pin     Non-clock Pin
Clock       Load      Pin                        Seq Example     Seq Example       Comb Example 
------------------------------------------------------------------------------------------------
rootClk     153       internal_osc.OSC(OSCH)     r_led_r.C       -                 -            
================================================================================================
